[debug] [2023-07-08T17:53:08.255Z] ----------------------------------------------------------------------
[debug] [2023-07-08T17:53:08.259Z] Command:       /home/mohan/.nvm/versions/node/v20.3.0/bin/node /home/mohan/.nvm/versions/node/v20.3.0/bin/firebase init
[debug] [2023-07-08T17:53:08.260Z] CLI Version:   12.4.3
[debug] [2023-07-08T17:53:08.260Z] Platform:      linux
[debug] [2023-07-08T17:53:08.260Z] Node Version:  v20.3.0
[debug] [2023-07-08T17:53:08.260Z] Time:          Sat Jul 08 2023 23:23:08 GMT+0530 (India Standard Time)
[debug] [2023-07-08T17:53:08.260Z] ----------------------------------------------------------------------
[debug] 
[debug] [2023-07-08T17:53:08.352Z] > command requires scopes: ["email","openid","https://www.googleapis.com/auth/cloudplatformprojects.readonly","https://www.googleapis.com/auth/firebase","https://www.googleapis.com/auth/cloud-platform"]
[debug] [2023-07-08T17:53:08.352Z] > authorizing via signed-in user (thotamohanreddy993@gmail.com)
[info] 
     ######## #### ########  ######## ########     ###     ######  ########
     ##        ##  ##     ## ##       ##     ##  ##   ##  ##       ##
     ######    ##  ########  ######   ########  #########  ######  ######
     ##        ##  ##    ##  ##       ##     ## ##     ##       ## ##
     ##       #### ##     ## ######## ########  ##     ##  ######  ########

You're about to initialize a Firebase project in this directory:

  /home/mohan/WebDev/BlackcofferProject/client

Before we get started, keep in mind:

  * You are initializing within an existing Firebase project directory

